
Gurobi 8.0.0 (win64, Python) logging started 11/06/18 20:07:10

Academic license - for non-commercial use only

Gurobi 8.0.0 (win64, Python) logging started 11/06/18 20:07:56

Academic license - for non-commercial use only
Changed value of parameter TimeLimit to 1200.0
   Prev: 1e+100  Min: 0.0  Max: 1e+100  Default: 1e+100
Optimize a model with 4128 rows, 2078 columns and 10878 nonzeros
Variable types: 700 continuous, 1378 integer (675 binary)
Coefficient statistics:
  Matrix range     [8e-01, 1e+05]
  Objective range  [2e-02, 2e-02]
  Bounds range     [1e+00, 1e+00]
  RHS range        [1e+03, 2e+05]
Presolve removed 703 rows and 0 columns
Presolve time: 0.04s
Presolved: 3425 rows, 2078 columns, 10269 nonzeros
Variable types: 700 continuous, 1378 integer (675 binary)

Root relaxation: objective 9.520657e+04, 2988 iterations, 0.11 seconds

    Nodes    |    Current Node    |     Objective Bounds      |     Work
 Expl Unexpl |  Obj  Depth IntInf | Incumbent    BestBd   Gap | It/Node Time

     0     0 95206.5662    0 1298          - 95206.5662      -     -    0s
H    0     0                    1292634.9102 95206.5662  92.6%     -    0s
H    0     0                    1280587.0271 95206.5662  92.6%     -    0s
     0     0 171653.474    0 1357 1280587.03 171653.474  86.6%     -    0s
H    0     0                    1233918.6057 171653.474  86.1%     -    0s
     0     0 173479.684    0 1356 1233918.61 173479.684  85.9%     -    0s
     0     0 173484.410    0 1357 1233918.61 173484.410  85.9%     -    0s
H    0     0                    1223538.1951 173484.410  85.8%     -    0s
     0     0 255078.645    0 1358 1223538.20 255078.645  79.2%     -    0s
     0     0 256506.892    0 1376 1223538.20 256506.892  79.0%     -    0s
     0     0 256879.994    0 1376 1223538.20 256879.994  79.0%     -    0s
     0     0 299640.050    0 1360 1223538.20 299640.050  75.5%     -    1s
     0     0 301125.841    0 1373 1223538.20 301125.841  75.4%     -    1s
     0     0 301128.083    0 1376 1223538.20 301128.083  75.4%     -    1s
H    0     0                    1222411.1904 301128.083  75.4%     -    1s
H    0     0                    1200270.4289 301128.083  74.9%     -    1s
     0     0 340551.543    0 1368 1200270.43 340551.543  71.6%     -    1s
     0     0 342398.945    0 1369 1200270.43 342398.945  71.5%     -    1s
     0     0 342559.205    0 1372 1200270.43 342559.205  71.5%     -    1s
     0     0 342607.540    0 1373 1200270.43 342607.540  71.5%     -    1s
H    0     0                    1192588.1156 342607.540  71.3%     -    1s
     0     0 359181.206    0 1375 1192588.12 359181.206  69.9%     -    1s
H    0     0                    1132492.2008 359181.206  68.3%     -    1s
     0     0 360013.496    0 1375 1132492.20 360013.496  68.2%     -    1s
     0     0 360281.308    0 1376 1132492.20 360281.308  68.2%     -    1s
     0     0 360413.227    0 1376 1132492.20 360413.227  68.2%     -    1s
     0     0 360416.283    0 1377 1132492.20 360416.283  68.2%     -    1s
     0     0 365852.827    0 1375 1132492.20 365852.827  67.7%     -    2s
     0     0 365963.357    0 1376 1132492.20 365963.357  67.7%     -    2s
     0     0 369952.865    0 1369 1132492.20 369952.865  67.3%     -    2s
H    0     0                    1108130.5980 369952.865  66.6%     -    2s
     0     0 370279.039    0 1377 1108130.60 370279.039  66.6%     -    2s
     0     0 370314.429    0 1377 1108130.60 370314.429  66.6%     -    2s
     0     0 374191.453    0 1377 1108130.60 374191.453  66.2%     -    2s
H    0     0                    956277.44868 374191.453  60.9%     -    2s
     0     0 374694.832    0 1376 956277.449 374694.832  60.8%     -    2s
H    0     0                    955338.54360 374694.832  60.8%     -    2s
     0     0 374765.183    0 1377 955338.544 374765.183  60.8%     -    2s
     0     0 376372.783    0 1377 955338.544 376372.783  60.6%     -    2s
     0     0 376399.833    0 1375 955338.544 376399.833  60.6%     -    2s
     0     0 377609.481    0 1377 955338.544 377609.481  60.5%     -    2s
     0     0 377609.481    0 1377 955338.544 377609.481  60.5%     -    2s
     0     2 377609.481    0 1377 955338.544 377609.481  60.5%     -    3s
    68    70 416064.397   13 1263 955338.544 383293.233  59.9%   204    5s
   289   248 403810.452   14 1317 955338.544 384693.132  59.7%   192   10s
H  434   373                    946614.57250 384693.132  59.4%   163   11s
H  438   377                    945601.23836 384693.132  59.3%   162   11s
H  449   385                    943980.86688 384693.132  59.2%   161   11s
H  498   431                    938970.53008 384693.132  59.0%   160   11s
H  522   455                    938569.79786 384693.132  59.0%   157   11s
H  636   530                    932954.68020 384693.132  58.8%   150   13s
H  664   544                    926831.82258 388747.331  58.1%   152   14s
H  713   583                    924816.78261 388747.331  58.0%   152   14s
H  716   586                    923487.58856 388747.331  57.9%   152   14s
   740   602 438268.612   11 1260 923487.589 388747.331  57.9%   152   15s
H  763   609                    923351.62068 388747.331  57.9%   153   15s
H  775   621                    921304.88804 388747.331  57.8%   153   15s
H  811   652                    918593.62715 388747.331  57.7%   152   16s
H  852   692                    918414.51120 388747.331  57.7%   148   16s
H  942   765                    918412.11741 389863.775  57.6%   146   17s
H  943   765                    917514.87756 389863.775  57.5%   147   17s
H  969   787                    916996.70104 389863.775  57.5%   145   17s
H 1012   814                    916173.85014 389863.775  57.4%   146   19s
  1060   859 577439.090   67 1377 916173.850 389863.775  57.4%   147   23s
  1063   861 509188.703   30 1363 916173.850 469179.340  48.8%   147   25s
  1096   883 620873.435   44 1267 916173.850 620873.435  32.2%   142   30s

Gurobi 8.0.0 (win64, Python) logging started 11/06/18 20:09:40

Academic license - for non-commercial use only
Changed value of parameter TimeLimit to 1200.0
   Prev: 1e+100  Min: 0.0  Max: 1e+100  Default: 1e+100
Optimize a model with 3308 rows, 1668 columns and 8708 nonzeros
Variable types: 560 continuous, 1108 integer (540 binary)
Coefficient statistics:
  Matrix range     [8e-01, 1e+05]
  Objective range  [5e-02, 5e-02]
  Bounds range     [1e+00, 1e+00]
  RHS range        [1e+03, 2e+05]
Presolve removed 568 rows and 0 columns
Presolve time: 0.04s
Presolved: 2740 rows, 1668 columns, 8215 nonzeros
Variable types: 560 continuous, 1108 integer (540 binary)

Root relaxation: objective 1.930823e+05, 2332 iterations, 0.06 seconds

    Nodes    |    Current Node    |     Objective Bounds      |     Work
 Expl Unexpl |  Obj  Depth IntInf | Incumbent    BestBd   Gap | It/Node Time

     0     0 193082.302    0 1025          - 193082.302      -     -    0s
H    0     0                    2585095.1284 193082.302  92.5%     -    0s
H    0     0                    2560997.7795 193082.302  92.5%     -    0s
     0     0 346773.925    0 1088 2560997.78 346773.925  86.5%     -    0s
H    0     0                    2481017.3763 346773.925  86.0%     -    0s
     0     0 353079.281    0 1077 2481017.38 353079.281  85.8%     -    0s
     0     0 353272.302    0 1086 2481017.38 353272.302  85.8%     -    0s
     0     0 353391.544    0 1087 2481017.38 353391.544  85.8%     -    0s
H    0     0                    2474134.7487 353391.544  85.7%     -    0s
H    0     0                    2448368.5153 353391.544  85.6%     -    0s
H    0     0                    2257722.5198 353391.544  84.3%     -    0s
H    0     0                    2031573.0486 353391.544  82.6%     -    0s
     0     0 512642.167    0 1084 2031573.05 512642.167  74.8%     -    0s
     0     0 519029.275    0 1103 2031573.05 519029.275  74.5%     -    0s
     0     0 519262.677    0 1104 2031573.05 519262.677  74.4%     -    0s
     0     0 519355.683    0 1104 2031573.05 519355.683  74.4%     -    0s
     0     0 623716.033    0 1105 2031573.05 623716.033  69.3%     -    0s
     0     0 627024.866    0 1101 2031573.05 627024.866  69.1%     -    0s
     0     0 627158.348    0 1101 2031573.05 627158.348  69.1%     -    1s
     0     0 671153.987    0 1092 2031573.05 671153.987  67.0%     -    1s
     0     0 675154.710    0 1101 2031573.05 675154.710  66.8%     -    1s
     0     0 675416.514    0 1104 2031573.05 675416.514  66.8%     -    1s
     0     0 675428.279    0 1104 2031573.05 675428.279  66.8%     -    1s
     0     0 708903.162    0 1103 2031573.05 708903.162  65.1%     -    1s
     0     0 710916.022    0 1099 2031573.05 710916.022  65.0%     -    1s
     0     0 711409.583    0 1102 2031573.05 711409.583  65.0%     -    1s
     0     0 711507.950    0 1102 2031573.05 711507.950  65.0%     -    1s
     0     0 731611.520    0 1096 2031573.05 731611.520  64.0%     -    1s
     0     0 732197.184    0 1103 2031573.05 732197.184  64.0%     -    1s
     0     0 732594.526    0 1103 2031573.05 732594.526  63.9%     -    1s
     0     0 732630.530    0 1102 2031573.05 732630.530  63.9%     -    1s
     0     0 742370.283    0 1100 2031573.05 742370.283  63.5%     -    1s
     0     0 742856.519    0 1095 2031573.05 742856.519  63.4%     -    1s
     0     0 742984.680    0 1096 2031573.05 742984.680  63.4%     -    1s
H    0     0                    1964736.6110 742984.680  62.2%     -    1s
H    0     0                    1897560.8570 742984.680  60.8%     -    1s
H    0     0                    1896944.1929 742984.680  60.8%     -    1s
     0     0 754173.180    0 1095 1896944.19 754173.180  60.2%     -    1s
     0     0 755287.270    0 1098 1896944.19 755287.270  60.2%     -    2s
     0     0 755446.544    0 1098 1896944.19 755446.544  60.2%     -    2s
     0     0 761417.873    0 1098 1896944.19 761417.873  59.9%     -    2s
     0     0 762289.341    0 1099 1896944.19 762289.341  59.8%     -    2s
     0     0 762452.034    0 1100 1896944.19 762452.034  59.8%     -    2s
     0     0 767539.316    0 1098 1896944.19 767539.316  59.5%     -    2s
     0     0 768047.321    0 1097 1896944.19 768047.321  59.5%     -    2s
     0     0 768369.492    0 1097 1896944.19 768369.492  59.5%     -    2s
     0     0 768417.877    0 1097 1896944.19 768417.877  59.5%     -    2s
     0     0 769992.162    0 1097 1896944.19 769992.162  59.4%     -    2s
     0     0 769992.162    0 1097 1896944.19 769992.162  59.4%     -    2s
     0     2 769992.162    0 1097 1896944.19 769992.162  59.4%     -    2s
   205   183 789323.723    4 1085 1896944.19 782353.886  58.8%   122    5s
H  265   213                    1895232.4642 782353.886  58.7%   118    5s
H  407   314                    1875569.4569 782353.886  58.3%   110    6s
H  411   316                    1870933.3217 782353.886  58.2%   112    6s
H  443   345                    1868673.1657 782353.886  58.1%   116    6s
H  445   348                    1864739.4123 782353.886  58.0%   117    6s
H  482   377                    1857895.2624 782353.886  57.9%   114    7s
H  530   425                    1852974.7816 782353.886  57.8%   112    7s
H  588   460                    1852972.4633 782353.886  57.8%   107    7s
H  669   562                    1848022.3959 782353.886  57.7%   100    7s
H  731   622                    1845377.9493 782353.886  57.6%  94.7    7s
H  768   659                    1843988.6414 782353.886  57.6%  90.8    7s
H  844   730                    1833810.7288 782353.886  57.3%  85.2    8s
H  964   813                    1828590.2242 782353.886  57.2%  77.1    8s
  1021   838 1061566.46   38 1097 1828590.22 782353.886  57.2%  75.5   10s
  1053   859 1452422.72   82  909 1828590.22 1400199.33  23.4%  73.2   15s
  1083   879 1801052.51  154  871 1828590.22 1583349.90  13.4%  71.2   20s
  1110   898 1609824.93   25 1025 1828590.22 1609824.93  12.0%  91.6   25s
  1132   916 1612338.13   27  825 1828590.22 1612006.59  11.8%  97.2   30s
  1364  1062 1640070.88   43  587 1828590.22 1615378.75  11.7%   103   35s
H 1442  1071                    1828514.8067 1615378.75  11.7%   104   37s
H 1620  1133                    1800752.6049 1615378.75  10.3%   106   39s
  1714  1174 1660958.75   60  549 1800752.60 1615378.75  10.3%   105   40s
H 1727  1132                    1800752.5781 1615378.75  10.3%   105   40s
H 1773  1072                    1778098.8268 1615378.75  9.15%   106   43s
  1865  1134 1673697.80   73  500 1778098.83 1615378.75  9.15%   110   45s
  3162  1826 1617655.52   32  749 1778098.83 1616114.64  9.11%  94.8   50s
* 3864  2350             193    1776005.0713 1616114.64  9.00%  85.0   53s
* 4028  2487             169    1774232.8905 1616405.28  8.90%  83.5   53s
* 4598  2985             170    1774034.0777 1616405.28  8.89%  78.3   54s
  4684  3045 1764921.13  112   40 1774034.08 1616408.78  8.89%  77.9   55s
* 4726  3043             154    1773839.0486 1616408.78  8.88%  77.3   55s
* 4733  3034             154    1773049.2409 1616408.78  8.83%  77.2   55s
  5432  3685 1680521.99   72  471 1773049.24 1616408.78  8.83%  74.6   60s
H 5898  3821                    1764748.4138 1616715.39  8.39%  72.3   62s
H 5908  3680                    1752957.9308 1616715.39  7.77%  72.4   62s
  6144  3912 1736042.11   90  201 1752957.93 1616848.96  7.76%  73.4   66s
  7111  4710 1622628.42   40  734 1752957.93 1617261.94  7.74%  72.6   70s
H 7596  5029                    1743349.6468 1617261.94  7.23%  71.3   73s
  7691  5088 1667189.27   68  662 1743349.65 1617261.94  7.23%  71.6   75s
  8913  6154 1667527.75   64  594 1743349.65 1617607.56  7.21%  70.8   82s
  9903  6967 infeasible  121      1743349.65 1617607.56  7.21%  70.2   86s
 11206  8026 1654656.48   59  653 1743349.65 1618037.03  7.19%  68.4   90s
H11595  8295                    1741744.8970 1618045.18  7.10%  68.2   93s
H11597  8207                    1737975.9986 1618045.18  6.90%  68.2   93s
 12017  8566 1626994.09   39  733 1737976.00 1618183.99  6.89%  68.3   96s
 12233  8737 1642303.51   49  642 1737976.00 1618183.99  6.89%  68.5  106s
H12234  8682                    1736659.9485 1618183.99  6.82%  68.5  106s
 12491  8871 1667262.58   66  574 1736659.95 1618183.99  6.82%  68.8  110s
 13681  9891 1675276.79   73  513 1736659.95 1618319.96  6.81%  68.4  116s

Gurobi 8.0.0 (win64, Python) logging started 11/06/18 20:12:04

Academic license - for non-commercial use only
Changed value of parameter TimeLimit to 1200.0
   Prev: 1e+100  Min: 0.0  Max: 1e+100  Default: 1e+100
Optimize a model with 1668 rows, 848 columns and 4368 nonzeros
Variable types: 280 continuous, 568 integer (270 binary)
Coefficient statistics:
  Matrix range     [8e-01, 1e+05]
  Objective range  [1e-01, 1e-01]
  Bounds range     [1e+00, 1e+00]
  RHS range        [1e+03, 2e+05]
Presolve removed 298 rows and 0 columns
Presolve time: 0.02s
Presolved: 1370 rows, 848 columns, 4104 nonzeros
Variable types: 280 continuous, 568 integer (270 binary)

Root relaxation: objective 1.928476e+05, 1174 iterations, 0.02 seconds

    Nodes    |    Current Node    |     Objective Bounds      |     Work
 Expl Unexpl |  Obj  Depth IntInf | Incumbent    BestBd   Gap | It/Node Time

     0     0 192847.611    0  516          - 192847.611      -     -    0s
H    0     0                    2596167.2176 192847.611  92.6%     -    0s
H    0     0                    1795406.1095 192847.611  89.3%     -    0s
     0     0 384492.999    0  565 1795406.11 384492.999  78.6%     -    0s
     0     0 384520.445    0  565 1795406.11 384520.445  78.6%     -    0s
     0     0 540618.961    0  548 1795406.11 540618.961  69.9%     -    0s
     0     0 544840.237    0  561 1795406.11 544840.237  69.7%     -    0s
     0     0 544869.001    0  562 1795406.11 544869.001  69.7%     -    0s
     0     0 623857.356    0  564 1795406.11 623857.356  65.3%     -    0s
     0     0 630674.007    0  566 1795406.11 630674.007  64.9%     -    0s
     0     0 630879.986    0  564 1795406.11 630879.986  64.9%     -    0s
     0     0 630917.082    0  566 1795406.11 630917.082  64.9%     -    0s
     0     0 681936.185    0  566 1795406.11 681936.185  62.0%     -    0s
     0     0 684584.039    0  565 1795406.11 684584.039  61.9%     -    0s
     0     0 685172.323    0  566 1795406.11 685172.323  61.8%     -    0s
     0     0 685209.968    0  566 1795406.11 685209.968  61.8%     -    0s
     0     0 708520.357    0  565 1795406.11 708520.357  60.5%     -    0s
     0     0 710717.055    0  564 1795406.11 710717.055  60.4%     -    0s
     0     0 711072.887    0  565 1795406.11 711072.887  60.4%     -    0s
     0     0 711188.493    0  567 1795406.11 711188.493  60.4%     -    0s
     0     0 728897.266    0  564 1795406.11 728897.266  59.4%     -    0s
     0     0 731107.600    0  567 1795406.11 731107.600  59.3%     -    0s
     0     0 731571.955    0  567 1795406.11 731571.955  59.3%     -    0s
     0     0 731611.958    0  567 1795406.11 731611.958  59.3%     -    0s
     0     0 742573.936    0  566 1795406.11 742573.936  58.6%     -    0s
     0     0 745371.457    0  567 1795406.11 745371.457  58.5%     -    0s
     0     0 745718.451    0  567 1795406.11 745718.451  58.5%     -    0s
     0     0 745802.164    0  566 1795406.11 745802.164  58.5%     -    0s
     0     0 749612.624    0  565 1795406.11 749612.624  58.2%     -    0s
     0     0 751139.294    0  566 1795406.11 751139.294  58.2%     -    0s
     0     0 751474.232    0  566 1795406.11 751474.232  58.1%     -    0s
     0     0 751542.596    0  567 1795406.11 751542.596  58.1%     -    0s
     0     0 752325.565    0  565 1795406.11 752325.565  58.1%     -    0s
     0     0 752465.165    0  566 1795406.11 752465.165  58.1%     -    0s
     0     0 753126.581    0  567 1795406.11 753126.581  58.1%     -    0s
     0     0 753126.581    0  567 1795406.11 753126.581  58.1%     -    0s
     0     2 753126.581    0  567 1795406.11 753126.581  58.1%     -    0s
  1041   820 964543.301   16  513 1795406.11 777670.298  56.7%  73.7    5s
  1125   877 1644666.68   43  354 1795406.11 1644666.68  8.40%  75.7   10s
H 2231   976                    1693273.3614 1658492.83  2.05%  54.8   12s
H 2289   914                    1692613.2547 1658492.83  2.02%  54.0   12s
  4256  1739     cutoff   46      1692613.25 1664270.40  1.67%  47.7   15s
  8322  3701 1680915.75   45  167 1692613.25 1667929.56  1.46%  44.2   20s
* 9985  4463              68    1692377.4288 1668756.21  1.40%  43.7   22s
 13101  5800 1691928.13   48  209 1692377.43 1670038.47  1.32%  43.2   25s
H14672  6446                    1692329.1094 1670500.76  1.29%  42.9   27s
H14700  6462                    1692317.6301 1670500.76  1.29%  42.9   27s
 17335  7471 1686085.75   43  166 1692317.63 1671254.75  1.24%  42.6   30s
 23102  9565 1688251.37   46  146 1692317.63 1672639.05  1.16%  41.7   35s
 29080 11533 1686283.19   42  239 1692317.63 1673831.48  1.09%  40.9   40s
 29865 11820 1691985.98   62  115 1692317.63 1673920.03  1.09%  40.8   48s
 32391 11891     cutoff   40      1692317.63 1674971.96  1.02%  40.7   50s
 37588 11271 1689733.86   43   93 1692317.63 1677319.91  0.89%  41.0   55s
 42741 10101     cutoff   46      1692317.63 1679838.53  0.74%  41.5   60s
 48413  8147 1689405.88   46  173 1692317.63 1683149.04  0.54%  42.0   65s
 53893  5580     cutoff   46      1692317.63 1686352.01  0.35%  42.2   70s
 59081  2141 1691462.56   47   61 1692317.63 1689435.50  0.17%  42.0   75s

Cutting planes:
  Gomory: 69
  Cover: 67
  Implied bound: 5
  Projected implied bound: 3
  Clique: 2
  MIR: 18
  Flow cover: 521

Explored 62876 nodes (2542884 simplex iterations) in 77.42 seconds
Thread count was 8 (of 8 available processors)

Solution count 7: 1.69232e+06 1.69233e+06 1.69238e+06 ... 2.59617e+06

Optimal solution found (tolerance 1.00e-04)
Best objective 1.692317630139e+06, best bound 1.692194235506e+06, gap 0.0073%
Freed default Gurobi environment

Gurobi 8.0.0 (win64, Python) logging started 11/06/18 20:19:18

Academic license - for non-commercial use only
